<?xml version="1.0" encoding="UTF-8"?>
<testsuite xmlns:xsi="http://www.w3.org/2001/XMLSchema-instance" xsi:noNamespaceSchemaLocation="https://maven.apache.org/surefire/maven-surefire-plugin/xsd/surefire-test-report-3.0.xsd" version="3.0" name="com.mail.JavaMailSenderApplicationTests" time="8.553" tests="1" errors="0" skipped="0" failures="0">
  <properties>
[...]
</properties>
  <testcase name="contextLoads" classname="com.mail.JavaMailSenderApplicationTests" time="2.933">
    <system-out><![CDATA[16:25:44.452 [main] INFO org.springframework.test.context.support.AnnotationConfigContextLoaderUtils -- Could not detect default configuration classes for test class [com.mail.JavaMailSenderApplicationTests]: JavaMailSenderApplicationTests does not declare any static, non-private, non-final, nested classes annotated with @Configuration.
16:25:44.736 [main] INFO org.springframework.boot.test.context.SpringBootTestContextBootstrapper -- Found @SpringBootConfiguration com.mail.JavaMailSenderApplication for test class com.mail.JavaMailSenderApplicationTests

  .   ____          _            __ _ _
 /\\ / ___'_ __ _ _(_)_ __  __ _ \ \ \ \
( ( )\___ | '_ | '_| | '_ \/ _` | \ \ \ \
 \\/  ___)| |_)| | | | | || (_| |  ) ) ) )
  '  |____| .__|_| |_|_| |_\__, | / / / /
 =========|_|==============|___/=/_/_/_/
 :: Spring Boot ::                (v3.2.3)

2024-03-03T16:25:45.826+05:30  INFO 12400 --- [           main] c.mail.JavaMailSenderApplicationTests    : Starting JavaMailSenderApplicationTests using Java 17.0.7 with PID 12400 (started by Admin in E:\project\JavaMailSender)
2024-03-03T16:25:45.831+05:30  INFO 12400 --- [           main] c.mail.JavaMailSenderApplicationTests    : No active profile set, falling back to 1 default profile: "default"
2024-03-03T16:25:49.552+05:30  INFO 12400 --- [           main] c.mail.JavaMailSenderApplicationTests    : Started JavaMailSenderApplicationTests in 4.44 seconds (process running for 7.556)
]]></system-out>
  </testcase>
</testsuite>